2024-06-04 10:16:53.043 [background-preinit] INFO: HV000001: Hibernate Validator 8.0.1.Final
2024-06-04 10:16:53.096 [main] INFO: Starting Application using Java 21.0.2 with PID 7764 (C:\Users\nguyenqh\training\java\demo-communication\demo-communication-web\build\classes\java\main started by nguyenqh in C:\Users\nguyenqh\training\java\demo-communication\demo-communication-web)
2024-06-04 10:16:53.098 [main] INFO: The following 1 profile is active: "test"
2024-06-04 10:16:53.899 [main] INFO: Bootstrapping Spring Data JPA repositories in DEFAULT mode.
2024-06-04 10:16:54.205 [main] INFO: Finished Spring Data repository scanning in 289 ms. Found 7 JPA repository interfaces.
2024-06-04 10:16:54.253 [main] INFO: Bootstrapping Spring Data JPA repositories in DEFAULT mode.
2024-06-04 10:16:54.261 [main] INFO: Finished Spring Data repository scanning in 8 ms. Found 7 JPA repository interfaces.
2024-06-04 10:16:54.768 [main] INFO: No bean named 'errorChannel' has been explicitly defined. Therefore, a default PublishSubscribeChannel will be created.
2024-06-04 10:16:54.775 [main] INFO: No bean named 'integrationHeaderChannelRegistry' has been explicitly defined. Therefore, a default DefaultHeaderChannelRegistry will be created.
2024-06-04 10:16:54.938 [main] WARN: Multiple PropertySourcesPlaceholderConfigurer beans registered [org.springframework.context.support.PropertySourcesPlaceholderConfigurer#0, org.springframework.context.support.PropertySourcesPlaceholderConfigurer#1, org.springframework.context.support.PropertySourcesPlaceholderConfigurer#2, org.springframework.context.support.PropertySourcesPlaceholderConfigurer#3, org.springframework.context.support.PropertySourcesPlaceholderConfigurer#4, org.springframework.context.support.PropertySourcesPlaceholderConfigurer#5, org.springframework.context.support.PropertySourcesPlaceholderConfigurer#6, org.springframework.context.support.PropertySourcesPlaceholderConfigurer#7], falling back to Environment
2024-06-04 10:16:54.961 [main] WARN: Bean 'org.springframework.ws.config.annotation.DelegatingWsConfiguration' of type [org.springframework.ws.config.annotation.DelegatingWsConfiguration$$SpringCGLIB$$0] is not eligible for getting processed by all BeanPostProcessors (for example: not eligible for auto-proxying). The currently created BeanPostProcessor [annotationActionEndpointMapping] is declared through a non-static factory method on that class; consider declaring it as static instead.
2024-06-04 10:16:54.992 [main] INFO: Supporting [WS-Addressing August 2004, WS-Addressing 1.0]
2024-06-04 10:16:54.999 [main] WARN: Bean 'persistenceAdvisor' of type [org.springframework.aop.support.DefaultBeanFactoryPointcutAdvisor] is not eligible for getting processed by all BeanPostProcessors (for example: not eligible for auto-proxying). Is this bean getting eagerly injected into a currently created BeanPostProcessor [integrationManagementConfigurer]? Check the corresponding BeanPostProcessor declaration and its dependencies.
2024-06-04 10:16:55.000 [main] WARN: Bean 'serviceAdvisor' of type [org.springframework.aop.support.DefaultBeanFactoryPointcutAdvisor] is not eligible for getting processed by all BeanPostProcessors (for example: not eligible for auto-proxying). Is this bean getting eagerly injected into a currently created BeanPostProcessor [integrationManagementConfigurer]? Check the corresponding BeanPostProcessor declaration and its dependencies.
2024-06-04 10:16:55.006 [main] WARN: Bean '(inner bean)#629075f4' of type [org.springframework.aop.aspectj.AspectJAroundAdvice] is not eligible for getting processed by all BeanPostProcessors (for example: not eligible for auto-proxying). Is this bean getting eagerly injected into a currently created BeanPostProcessor [integrationManagementConfigurer]? Check the corresponding BeanPostProcessor declaration and its dependencies.
2024-06-04 10:16:55.092 [main] WARN: Bean 'org.springframework.aop.aspectj.AspectJPointcutAdvisor#0' of type [org.springframework.aop.aspectj.AspectJPointcutAdvisor] is not eligible for getting processed by all BeanPostProcessors (for example: not eligible for auto-proxying). Is this bean getting eagerly injected into a currently created BeanPostProcessor [integrationManagementConfigurer]? Check the corresponding BeanPostProcessor declaration and its dependencies.
2024-06-04 10:16:55.093 [main] WARN: Bean '(inner bean)#24e5389c' of type [org.springframework.aop.aspectj.AspectJAroundAdvice] is not eligible for getting processed by all BeanPostProcessors (for example: not eligible for auto-proxying). Is this bean getting eagerly injected into a currently created BeanPostProcessor [integrationManagementConfigurer]? Check the corresponding BeanPostProcessor declaration and its dependencies.
2024-06-04 10:16:55.094 [main] WARN: Bean 'org.springframework.aop.aspectj.AspectJPointcutAdvisor#1' of type [org.springframework.aop.aspectj.AspectJPointcutAdvisor] is not eligible for getting processed by all BeanPostProcessors (for example: not eligible for auto-proxying). Is this bean getting eagerly injected into a currently created BeanPostProcessor [integrationManagementConfigurer]? Check the corresponding BeanPostProcessor declaration and its dependencies.
2024-06-04 10:16:55.094 [main] WARN: Bean '(inner bean)#3a109ff7' of type [org.springframework.aop.aspectj.AspectJAroundAdvice] is not eligible for getting processed by all BeanPostProcessors (for example: not eligible for auto-proxying). Is this bean getting eagerly injected into a currently created BeanPostProcessor [integrationManagementConfigurer]? Check the corresponding BeanPostProcessor declaration and its dependencies.
2024-06-04 10:16:55.095 [main] WARN: Bean 'org.springframework.aop.aspectj.AspectJPointcutAdvisor#2' of type [org.springframework.aop.aspectj.AspectJPointcutAdvisor] is not eligible for getting processed by all BeanPostProcessors (for example: not eligible for auto-proxying). Is this bean getting eagerly injected into a currently created BeanPostProcessor [integrationManagementConfigurer]? Check the corresponding BeanPostProcessor declaration and its dependencies.
2024-06-04 10:16:55.096 [main] WARN: Bean '(inner bean)#9263c54' of type [org.springframework.aop.aspectj.AspectJAroundAdvice] is not eligible for getting processed by all BeanPostProcessors (for example: not eligible for auto-proxying). Is this bean getting eagerly injected into a currently created BeanPostProcessor [integrationManagementConfigurer]? Check the corresponding BeanPostProcessor declaration and its dependencies.
2024-06-04 10:16:55.097 [main] WARN: Bean 'org.springframework.aop.aspectj.AspectJPointcutAdvisor#3' of type [org.springframework.aop.aspectj.AspectJPointcutAdvisor] is not eligible for getting processed by all BeanPostProcessors (for example: not eligible for auto-proxying). Is this bean getting eagerly injected into a currently created BeanPostProcessor [integrationManagementConfigurer]? Check the corresponding BeanPostProcessor declaration and its dependencies.
2024-06-04 10:16:55.561 [main] INFO: Tomcat initialized with port 8080 (http)
2024-06-04 10:16:55.573 [main] INFO: Initializing ProtocolHandler ["http-nio-0.0.0.0-8080"]
2024-06-04 10:16:55.575 [main] INFO: Starting service [Tomcat]
2024-06-04 10:16:55.575 [main] INFO: Starting Servlet engine: [Apache Tomcat/10.1.19]
2024-06-04 10:16:55.706 [main] INFO: Initializing Spring embedded WebApplicationContext
2024-06-04 10:16:55.707 [main] INFO: Root WebApplicationContext: initialization completed in 2574 ms
2024-06-04 10:16:55.957 [main] INFO: HHH000204: Processing PersistenceUnitInfo [name: primary]
2024-06-04 10:16:56.007 [main] INFO: HHH000412: Hibernate ORM core version 6.4.4.Final
2024-06-04 10:16:56.040 [main] INFO: HHH000026: Second-level cache disabled
2024-06-04 10:16:56.353 [main] INFO: No LoadTimeWeaver setup: ignoring JPA class transformer
2024-06-04 10:17:25.592 [main] WARN: HHH000342: Could not obtain connection to query metadata
java.lang.NullPointerException: Cannot invoke "org.hibernate.engine.jdbc.spi.SqlExceptionHelper.convert(java.sql.SQLException, String)" because the return value of "org.hibernate.resource.transaction.backend.jdbc.internal.JdbcIsolationDelegate.sqlExceptionHelper()" is null
	at org.hibernate.resource.transaction.backend.jdbc.internal.JdbcIsolationDelegate.delegateWork(JdbcIsolationDelegate.java:116)
	at org.hibernate.engine.jdbc.env.internal.JdbcEnvironmentInitiator.getJdbcEnvironmentUsingJdbcMetadata(JdbcEnvironmentInitiator.java:276)
	at org.hibernate.engine.jdbc.env.internal.JdbcEnvironmentInitiator.initiateService(JdbcEnvironmentInitiator.java:107)
	at org.hibernate.engine.jdbc.env.internal.JdbcEnvironmentInitiator.initiateService(JdbcEnvironmentInitiator.java:68)
	at org.hibernate.boot.registry.internal.StandardServiceRegistryImpl.initiateService(StandardServiceRegistryImpl.java:130)
	at org.hibernate.service.internal.AbstractServiceRegistryImpl.createService(AbstractServiceRegistryImpl.java:263)
	at org.hibernate.service.internal.AbstractServiceRegistryImpl.initializeService(AbstractServiceRegistryImpl.java:238)
	at org.hibernate.service.internal.AbstractServiceRegistryImpl.getService(AbstractServiceRegistryImpl.java:215)
	at org.hibernate.boot.model.relational.Database.<init>(Database.java:45)
	at org.hibernate.boot.internal.InFlightMetadataCollectorImpl.getDatabase(InFlightMetadataCollectorImpl.java:223)
	at org.hibernate.boot.internal.InFlightMetadataCollectorImpl.<init>(InFlightMetadataCollectorImpl.java:191)
	at org.hibernate.boot.model.process.spi.MetadataBuildingProcess.complete(MetadataBuildingProcess.java:170)
	at org.hibernate.jpa.boot.internal.EntityManagerFactoryBuilderImpl.metadata(EntityManagerFactoryBuilderImpl.java:1432)
	at org.hibernate.jpa.boot.internal.EntityManagerFactoryBuilderImpl.build(EntityManagerFactoryBuilderImpl.java:1503)
	at org.springframework.orm.jpa.vendor.SpringHibernateJpaPersistenceProvider.createContainerEntityManagerFactory(SpringHibernateJpaPersistenceProvider.java:75)
	at org.springframework.orm.jpa.LocalContainerEntityManagerFactoryBean.createNativeEntityManagerFactory(LocalContainerEntityManagerFactoryBean.java:390)
	at org.springframework.orm.jpa.AbstractEntityManagerFactoryBean.buildNativeEntityManagerFactory(AbstractEntityManagerFactoryBean.java:409)
	at org.springframework.orm.jpa.AbstractEntityManagerFactoryBean.afterPropertiesSet(AbstractEntityManagerFactoryBean.java:396)
	at org.springframework.orm.jpa.LocalContainerEntityManagerFactoryBean.afterPropertiesSet(LocalContainerEntityManagerFactoryBean.java:366)
	at org.springframework.beans.factory.support.AbstractAutowireCapableBeanFactory.invokeInitMethods(AbstractAutowireCapableBeanFactory.java:1833)
	at org.springframework.beans.factory.support.AbstractAutowireCapableBeanFactory.initializeBean(AbstractAutowireCapableBeanFactory.java:1782)
	at org.springframework.beans.factory.support.AbstractAutowireCapableBeanFactory.doCreateBean(AbstractAutowireCapableBeanFactory.java:600)
	at org.springframework.beans.factory.support.AbstractAutowireCapableBeanFactory.createBean(AbstractAutowireCapableBeanFactory.java:522)
	at org.springframework.beans.factory.support.AbstractBeanFactory.lambda$doGetBean$0(AbstractBeanFactory.java:326)
	at org.springframework.beans.factory.support.DefaultSingletonBeanRegistry.getSingleton(DefaultSingletonBeanRegistry.java:234)
	at org.springframework.beans.factory.support.AbstractBeanFactory.doGetBean(AbstractBeanFactory.java:324)
	at org.springframework.beans.factory.support.AbstractBeanFactory.getBean(AbstractBeanFactory.java:200)
	at org.springframework.context.support.AbstractApplicationContext.getBean(AbstractApplicationContext.java:1234)
	at org.springframework.context.support.AbstractApplicationContext.finishBeanFactoryInitialization(AbstractApplicationContext.java:952)
	at org.springframework.context.support.AbstractApplicationContext.refresh(AbstractApplicationContext.java:624)
	at org.springframework.boot.web.servlet.context.ServletWebServerApplicationContext.refresh(ServletWebServerApplicationContext.java:146)
	at org.springframework.boot.SpringApplication.refresh(SpringApplication.java:754)
	at org.springframework.boot.SpringApplication.refreshContext(SpringApplication.java:456)
	at org.springframework.boot.SpringApplication.run(SpringApplication.java:334)
	at org.springframework.boot.SpringApplication.run(SpringApplication.java:1354)
	at org.springframework.boot.SpringApplication.run(SpringApplication.java:1343)
	at org.harryng.demo.Application.main(Application.java:21)
2024-06-04 10:17:25.618 [main] WARN: HHH90000025: SQLServerDialect does not need to be specified explicitly using 'hibernate.dialect' (remove the property setting and it will be selected by default)
2024-06-04 10:17:26.500 [main] INFO: HHH000489: No JTA platform available (set 'hibernate.transaction.jta.platform' to enable JTA platform integration)
2024-06-04 10:17:26.502 [main] INFO: Initialized JPA EntityManagerFactory for persistence unit 'primary'
2024-06-04 10:17:27.314 [main] WARN: Unable to proxy interface-implementing method [public final io.grpc.ServerServiceDefinition org.harryng.demo.controller.grpc.asset.AssetControllerGrpc$AssetControllerImplBase.bindService()] because it is marked as final, consider using interface-based JDK proxies instead.
2024-06-04 10:17:27.368 [main] INFO: Hibernate is in classpath; If applicable, HQL parser will be used.
2024-06-04 10:17:28.228 [main] WARN: Unable to proxy interface-implementing method [public final io.grpc.ServerServiceDefinition org.harryng.demo.controller.grpc.auth.AuthControllerGrpc$AuthControllerImplBase.bindService()] because it is marked as final, consider using interface-based JDK proxies instead.
2024-06-04 10:17:28.591 [main] WARN: ISPN000569: Unable to persist Infinispan internal caches as no global state enabled
2024-06-04 10:17:28.664 [main] INFO: ISPN000556: Starting user marshaller 'org.infinispan.commons.marshall.ImmutableProtoStreamMarshaller'
2024-06-04 10:17:29.875 [main] INFO: Detected grpc-netty-shaded: Creating ShadedNettyGrpcServerFactory
2024-06-04 10:17:30.235 [main] WARN: Cannot find template location: classpath:/templates/ (please add some templates, check your Thymeleaf configuration, or set spring.thymeleaf.check-template-location=false)
2024-06-04 10:17:30.496 [main] INFO: Adding {logging-channel-adapter:_org.springframework.integration.errorLogger} as a subscriber to the 'errorChannel' channel
2024-06-04 10:17:30.496 [main] INFO: Channel 'application.errorChannel' has 1 subscriber(s).
2024-06-04 10:17:30.496 [main] INFO: started bean '_org.springframework.integration.errorLogger'
2024-06-04 10:17:30.497 [main] INFO: Starting ProtocolHandler ["http-nio-0.0.0.0-8080"]
2024-06-04 10:17:30.531 [main] INFO: Tomcat started on port 8080 (http) with context path '/web'
2024-06-04 10:17:30.618 [main] INFO: Registered gRPC service: controller.AssetController, bean: assetGrpcController, class: org.harryng.demo.controller.grpc.AssetGrpcController$$SpringCGLIB$$0
2024-06-04 10:17:30.618 [main] INFO: Registered gRPC service: controller.AuthController, bean: authGrpcController, class: org.harryng.demo.controller.grpc.AuthGrpcController$$SpringCGLIB$$0
2024-06-04 10:17:30.618 [main] INFO: Registered gRPC service: grpc.health.v1.Health, bean: grpcHealthService, class: io.grpc.protobuf.services.HealthServiceImpl
2024-06-04 10:17:30.618 [main] INFO: Registered gRPC service: grpc.reflection.v1alpha.ServerReflection, bean: protoReflectionService, class: io.grpc.protobuf.services.ProtoReflectionService
2024-06-04 10:17:30.776 [main] INFO: Completed gRPC server shutdown
2024-06-04 10:17:30.777 [main] INFO: Stopping ProtocolHandler ["http-nio-0.0.0.0-8080"]
2024-06-04 10:17:30.783 [main] INFO: Removing {logging-channel-adapter:_org.springframework.integration.errorLogger} as a subscriber to the 'errorChannel' channel
2024-06-04 10:17:30.783 [main] INFO: Channel 'application.errorChannel' has 0 subscriber(s).
2024-06-04 10:17:30.784 [main] INFO: stopped bean '_org.springframework.integration.errorLogger'
2024-06-04 10:17:30.784 [main] WARN: Exception encountered during context initialization - cancelling refresh attempt: org.springframework.context.ApplicationContextException: Failed to start bean 'shadedNettyGrpcServerLifecycle'
2024-06-04 10:17:30.790 [main] INFO: Closing JPA EntityManagerFactory for persistence unit 'primary'
2024-06-04 10:17:30.799 [main] INFO: 

Error starting ApplicationContext. To display the condition evaluation report re-run your application with 'debug' enabled.
2024-06-04 10:17:30.813 [main] ERROR: Application run failed
org.springframework.context.ApplicationContextException: Failed to start bean 'shadedNettyGrpcServerLifecycle'
	at org.springframework.context.support.DefaultLifecycleProcessor.doStart(DefaultLifecycleProcessor.java:291)
	at org.springframework.context.support.DefaultLifecycleProcessor$LifecycleGroup.start(DefaultLifecycleProcessor.java:471)
	at java.base/java.lang.Iterable.forEach(Iterable.java:75)
	at org.springframework.context.support.DefaultLifecycleProcessor.startBeans(DefaultLifecycleProcessor.java:260)
	at org.springframework.context.support.DefaultLifecycleProcessor.onRefresh(DefaultLifecycleProcessor.java:205)
	at org.springframework.context.support.AbstractApplicationContext.finishRefresh(AbstractApplicationContext.java:981)
	at org.springframework.context.support.AbstractApplicationContext.refresh(AbstractApplicationContext.java:627)
	at org.springframework.boot.web.servlet.context.ServletWebServerApplicationContext.refresh(ServletWebServerApplicationContext.java:146)
	at org.springframework.boot.SpringApplication.refresh(SpringApplication.java:754)
	at org.springframework.boot.SpringApplication.refreshContext(SpringApplication.java:456)
	at org.springframework.boot.SpringApplication.run(SpringApplication.java:334)
	at org.springframework.boot.SpringApplication.run(SpringApplication.java:1354)
	at org.springframework.boot.SpringApplication.run(SpringApplication.java:1343)
	at org.harryng.demo.Application.main(Application.java:21)
Caused by: java.lang.IllegalStateException: Failed to start the grpc server
	at net.devh.boot.grpc.server.serverfactory.GrpcServerLifecycle.start(GrpcServerLifecycle.java:73)
	at org.springframework.context.support.DefaultLifecycleProcessor.doStart(DefaultLifecycleProcessor.java:288)
	... 13 common frames omitted
Caused by: java.io.IOException: Failed to bind to address 0.0.0.0/0.0.0.0:19090
	at io.grpc.netty.shaded.io.grpc.netty.NettyServer.start(NettyServer.java:333)
	at io.grpc.internal.ServerImpl.start(ServerImpl.java:185)
	at io.grpc.internal.ServerImpl.start(ServerImpl.java:94)
	at net.devh.boot.grpc.server.serverfactory.GrpcServerLifecycle.createAndStartGrpcServer(GrpcServerLifecycle.java:112)
	at net.devh.boot.grpc.server.serverfactory.GrpcServerLifecycle.start(GrpcServerLifecycle.java:71)
	... 14 common frames omitted
Caused by: java.net.BindException: Address already in use: bind
	at java.base/sun.nio.ch.Net.bind0(Native Method)
	at java.base/sun.nio.ch.Net.bind(Net.java:565)
	at java.base/sun.nio.ch.ServerSocketChannelImpl.netBind(ServerSocketChannelImpl.java:344)
	at java.base/sun.nio.ch.ServerSocketChannelImpl.bind(ServerSocketChannelImpl.java:301)
	at io.grpc.netty.shaded.io.netty.channel.socket.nio.NioServerSocketChannel.doBind(NioServerSocketChannel.java:141)
	at io.grpc.netty.shaded.io.netty.channel.AbstractChannel$AbstractUnsafe.bind(AbstractChannel.java:562)
	at io.grpc.netty.shaded.io.netty.channel.DefaultChannelPipeline$HeadContext.bind(DefaultChannelPipeline.java:1334)
	at io.grpc.netty.shaded.io.netty.channel.AbstractChannelHandlerContext.invokeBind(AbstractChannelHandlerContext.java:600)
	at io.grpc.netty.shaded.io.netty.channel.AbstractChannelHandlerContext.bind(AbstractChannelHandlerContext.java:579)
	at io.grpc.netty.shaded.io.netty.channel.DefaultChannelPipeline.bind(DefaultChannelPipeline.java:973)
	at io.grpc.netty.shaded.io.netty.channel.AbstractChannel.bind(AbstractChannel.java:260)
	at io.grpc.netty.shaded.io.netty.bootstrap.AbstractBootstrap$2.run(AbstractBootstrap.java:356)
	at io.grpc.netty.shaded.io.netty.util.concurrent.AbstractEventExecutor.runTask(AbstractEventExecutor.java:173)
	at io.grpc.netty.shaded.io.netty.util.concurrent.AbstractEventExecutor.safeExecute(AbstractEventExecutor.java:166)
	at io.grpc.netty.shaded.io.netty.util.concurrent.SingleThreadEventExecutor.runAllTasks(SingleThreadEventExecutor.java:470)
	at io.grpc.netty.shaded.io.netty.channel.nio.NioEventLoop.run(NioEventLoop.java:569)
	at io.grpc.netty.shaded.io.netty.util.concurrent.SingleThreadEventExecutor$4.run(SingleThreadEventExecutor.java:997)
	at io.grpc.netty.shaded.io.netty.util.internal.ThreadExecutorMap$2.run(ThreadExecutorMap.java:74)
	at io.grpc.netty.shaded.io.netty.util.concurrent.FastThreadLocalRunnable.run(FastThreadLocalRunnable.java:30)
	at java.base/java.lang.Thread.run(Thread.java:1583)
2024-06-04 10:18:05.553 [background-preinit] INFO: HV000001: Hibernate Validator 8.0.1.Final
2024-06-04 10:18:05.621 [main] INFO: Starting Application using Java 21.0.2 with PID 20332 (C:\Users\nguyenqh\training\java\demo-communication\demo-communication-web\build\classes\java\main started by nguyenqh in C:\Users\nguyenqh\training\java\demo-communication\demo-communication-web)
2024-06-04 10:18:05.621 [main] INFO: The following 1 profile is active: "test"
2024-06-04 10:18:06.594 [main] INFO: Bootstrapping Spring Data JPA repositories in DEFAULT mode.
2024-06-04 10:18:06.975 [main] INFO: Finished Spring Data repository scanning in 361 ms. Found 7 JPA repository interfaces.
2024-06-04 10:18:07.042 [main] INFO: Bootstrapping Spring Data JPA repositories in DEFAULT mode.
2024-06-04 10:18:07.057 [main] INFO: Finished Spring Data repository scanning in 14 ms. Found 7 JPA repository interfaces.
2024-06-04 10:18:07.600 [main] INFO: No bean named 'errorChannel' has been explicitly defined. Therefore, a default PublishSubscribeChannel will be created.
2024-06-04 10:18:07.609 [main] INFO: No bean named 'integrationHeaderChannelRegistry' has been explicitly defined. Therefore, a default DefaultHeaderChannelRegistry will be created.
2024-06-04 10:18:07.826 [main] WARN: Multiple PropertySourcesPlaceholderConfigurer beans registered [org.springframework.context.support.PropertySourcesPlaceholderConfigurer#0, org.springframework.context.support.PropertySourcesPlaceholderConfigurer#1, org.springframework.context.support.PropertySourcesPlaceholderConfigurer#2, org.springframework.context.support.PropertySourcesPlaceholderConfigurer#3, org.springframework.context.support.PropertySourcesPlaceholderConfigurer#4, org.springframework.context.support.PropertySourcesPlaceholderConfigurer#5, org.springframework.context.support.PropertySourcesPlaceholderConfigurer#6, org.springframework.context.support.PropertySourcesPlaceholderConfigurer#7], falling back to Environment
2024-06-04 10:18:07.855 [main] WARN: Bean 'org.springframework.ws.config.annotation.DelegatingWsConfiguration' of type [org.springframework.ws.config.annotation.DelegatingWsConfiguration$$SpringCGLIB$$0] is not eligible for getting processed by all BeanPostProcessors (for example: not eligible for auto-proxying). The currently created BeanPostProcessor [annotationActionEndpointMapping] is declared through a non-static factory method on that class; consider declaring it as static instead.
2024-06-04 10:18:07.880 [main] INFO: Supporting [WS-Addressing August 2004, WS-Addressing 1.0]
2024-06-04 10:18:07.889 [main] WARN: Bean 'persistenceAdvisor' of type [org.springframework.aop.support.DefaultBeanFactoryPointcutAdvisor] is not eligible for getting processed by all BeanPostProcessors (for example: not eligible for auto-proxying). Is this bean getting eagerly injected into a currently created BeanPostProcessor [integrationManagementConfigurer]? Check the corresponding BeanPostProcessor declaration and its dependencies.
2024-06-04 10:18:07.891 [main] WARN: Bean 'serviceAdvisor' of type [org.springframework.aop.support.DefaultBeanFactoryPointcutAdvisor] is not eligible for getting processed by all BeanPostProcessors (for example: not eligible for auto-proxying). Is this bean getting eagerly injected into a currently created BeanPostProcessor [integrationManagementConfigurer]? Check the corresponding BeanPostProcessor declaration and its dependencies.
2024-06-04 10:18:07.899 [main] WARN: Bean '(inner bean)#61911947' of type [org.springframework.aop.aspectj.AspectJAroundAdvice] is not eligible for getting processed by all BeanPostProcessors (for example: not eligible for auto-proxying). Is this bean getting eagerly injected into a currently created BeanPostProcessor [integrationManagementConfigurer]? Check the corresponding BeanPostProcessor declaration and its dependencies.
2024-06-04 10:18:08.012 [main] WARN: Bean 'org.springframework.aop.aspectj.AspectJPointcutAdvisor#0' of type [org.springframework.aop.aspectj.AspectJPointcutAdvisor] is not eligible for getting processed by all BeanPostProcessors (for example: not eligible for auto-proxying). Is this bean getting eagerly injected into a currently created BeanPostProcessor [integrationManagementConfigurer]? Check the corresponding BeanPostProcessor declaration and its dependencies.
2024-06-04 10:18:08.015 [main] WARN: Bean '(inner bean)#38732372' of type [org.springframework.aop.aspectj.AspectJAroundAdvice] is not eligible for getting processed by all BeanPostProcessors (for example: not eligible for auto-proxying). Is this bean getting eagerly injected into a currently created BeanPostProcessor [integrationManagementConfigurer]? Check the corresponding BeanPostProcessor declaration and its dependencies.
2024-06-04 10:18:08.015 [main] WARN: Bean 'org.springframework.aop.aspectj.AspectJPointcutAdvisor#1' of type [org.springframework.aop.aspectj.AspectJPointcutAdvisor] is not eligible for getting processed by all BeanPostProcessors (for example: not eligible for auto-proxying). Is this bean getting eagerly injected into a currently created BeanPostProcessor [integrationManagementConfigurer]? Check the corresponding BeanPostProcessor declaration and its dependencies.
2024-06-04 10:18:08.017 [main] WARN: Bean '(inner bean)#3b770d07' of type [org.springframework.aop.aspectj.AspectJAroundAdvice] is not eligible for getting processed by all BeanPostProcessors (for example: not eligible for auto-proxying). Is this bean getting eagerly injected into a currently created BeanPostProcessor [integrationManagementConfigurer]? Check the corresponding BeanPostProcessor declaration and its dependencies.
2024-06-04 10:18:08.018 [main] WARN: Bean 'org.springframework.aop.aspectj.AspectJPointcutAdvisor#2' of type [org.springframework.aop.aspectj.AspectJPointcutAdvisor] is not eligible for getting processed by all BeanPostProcessors (for example: not eligible for auto-proxying). Is this bean getting eagerly injected into a currently created BeanPostProcessor [integrationManagementConfigurer]? Check the corresponding BeanPostProcessor declaration and its dependencies.
2024-06-04 10:18:08.020 [main] WARN: Bean '(inner bean)#53e93fb7' of type [org.springframework.aop.aspectj.AspectJAroundAdvice] is not eligible for getting processed by all BeanPostProcessors (for example: not eligible for auto-proxying). Is this bean getting eagerly injected into a currently created BeanPostProcessor [integrationManagementConfigurer]? Check the corresponding BeanPostProcessor declaration and its dependencies.
2024-06-04 10:18:08.021 [main] WARN: Bean 'org.springframework.aop.aspectj.AspectJPointcutAdvisor#3' of type [org.springframework.aop.aspectj.AspectJPointcutAdvisor] is not eligible for getting processed by all BeanPostProcessors (for example: not eligible for auto-proxying). Is this bean getting eagerly injected into a currently created BeanPostProcessor [integrationManagementConfigurer]? Check the corresponding BeanPostProcessor declaration and its dependencies.
2024-06-04 10:18:08.683 [main] INFO: Tomcat initialized with port 8080 (http)
2024-06-04 10:18:08.699 [main] INFO: Initializing ProtocolHandler ["http-nio-0.0.0.0-8080"]
2024-06-04 10:18:08.701 [main] INFO: Starting service [Tomcat]
2024-06-04 10:18:08.702 [main] INFO: Starting Servlet engine: [Apache Tomcat/10.1.19]
2024-06-04 10:18:08.949 [main] INFO: Initializing Spring embedded WebApplicationContext
2024-06-04 10:18:08.950 [main] INFO: Root WebApplicationContext: initialization completed in 3274 ms
2024-06-04 10:18:09.591 [main] INFO: HHH000204: Processing PersistenceUnitInfo [name: primary]
2024-06-04 10:18:09.799 [main] INFO: HHH000412: Hibernate ORM core version 6.4.4.Final
2024-06-04 10:18:09.882 [main] INFO: HHH000026: Second-level cache disabled
2024-06-04 10:18:10.401 [main] INFO: No LoadTimeWeaver setup: ignoring JPA class transformer
